<?xml version="1.0" encoding="UTF-8"?>
<!-- Generated by org.testng.reporters.JUnitReportReporter -->
<testsuite hostname="RadvilÄ—sPC" failures="0" tests="1" name="Tests.ChildRegistrationTest" time="22.927" errors="0" timestamp="2021-03-11T11:55:20 EET" skipped="0">
  <testcase classname="Tests.ChildRegistrationTest" name="pdfUploadTest" time="22.927"/>
  <system-out/>
</testsuite> <!-- Tests.ChildRegistrationTest -->
