<?xml version="1.0" encoding="UTF-8"?>
<!-- Generated by org.testng.reporters.JUnitReportReporter -->
<testsuite hostname="DESKTOP-GQLF889" failures="0" tests="1" name="Tests.ParentPageTest" time="3.767" errors="0" timestamp="2021-02-15T17:13:13 EET" skipped="0">
  <testcase classname="Tests.ParentPageTest" name="parentLogoutTest" time="3.767"/>
  <system-out/>
</testsuite> <!-- Tests.ParentPageTest -->
