<?xml version="1.0" encoding="UTF-8"?>
<!-- Generated by org.testng.reporters.JUnitReportReporter -->
<testsuite hostname="DESKTOP-GQLF889" failures="0" tests="2" name="Tests.ParentPageTest" time="8.046" errors="0" timestamp="2021-03-14T21:16:37 EET" skipped="0">
  <testcase classname="Tests.ParentPageTest" name="parentLoginPageTest" time="4.160"/>
  <system-out/>
  <testcase classname="Tests.ParentPageTest" name="parentLogoutTest" time="3.886"/>
  <system-out/>
</testsuite> <!-- Tests.ParentPageTest -->
