<?xml version="1.0" encoding="UTF-8"?>
<!-- Generated by org.testng.reporters.JUnitReportReporter -->
<testsuite hostname="DESKTOP-GQLF889" failures="0" tests="2" name="Tests.ParentPageTest" time="11.533" errors="0" timestamp="2021-03-10T16:09:09 EET" skipped="0">
  <testcase classname="Tests.ParentPageTest" name="parentLogoutTest" time="6.236"/>
  <system-out/>
  <testcase classname="Tests.ParentPageTest" name="parentLoginPageTest" time="5.297"/>
  <system-out/>
</testsuite> <!-- Tests.ParentPageTest -->
