<?xml version="1.0" encoding="UTF-8"?>
<!-- Generated by org.testng.reporters.JUnitReportReporter -->
<testsuite hostname="DESKTOP-GQLF889" failures="0" tests="1" name="Tests.ParentDeleteApplicationformTest" time="14.388" errors="0" timestamp="2021-03-15T14:56:54 EET" skipped="0">
  <testcase classname="Tests.ParentDeleteApplicationformTest" name="parentDeleteAplicationform" time="14.388"/>
  <system-out/>
</testsuite> <!-- Tests.ParentDeleteApplicationformTest -->
