<?xml version="1.0" encoding="UTF-8"?>
<!-- Generated by org.testng.reporters.JUnitReportReporter -->
<testsuite hostname="DESKTOP-GQLF889" failures="0" tests="1" name="Tests.AdminPageTest" time="1.294" errors="0" timestamp="2021-02-25T19:28:04 EET" skipped="0">
  <testcase classname="Tests.AdminPageTest" name="mainPageTest" time="1.294"/>
  <system-out/>
</testsuite> <!-- Tests.AdminPageTest -->
