<?xml version="1.0" encoding="UTF-8"?>
<!-- Generated by org.testng.reporters.JUnitReportReporter -->
<testsuite hostname="DESKTOP-GQLF889" failures="0" tests="2" name="Tests.SpecialistPageTest" time="10.317" errors="0" timestamp="2021-03-10T16:31:21 EET" skipped="0">
  <testcase classname="Tests.SpecialistPageTest" name="specialistLogoutPageTest" time="4.387"/>
  <system-out/>
  <testcase classname="Tests.SpecialistPageTest" name="specialistLoginPageTest" time="5.930"/>
  <system-out/>
</testsuite> <!-- Tests.SpecialistPageTest -->
