<?xml version="1.0" encoding="UTF-8"?>
<!-- Generated by org.testng.reporters.JUnitReportReporter -->
<testsuite hostname="RadvilÄ—sPC" failures="0" tests="1" name="Tests.AdminPageTest" time="4.327" errors="0" timestamp="2021-02-15T17:30:46 EET" skipped="0">
  <testcase classname="Tests.AdminPageTest" name="mainPageTest" time="4.327"/>
  <system-out/>
</testsuite> <!-- Tests.AdminPageTest -->
