<?xml version="1.0" encoding="UTF-8"?>
<!-- Generated by org.testng.reporters.JUnitReportReporter -->
<testsuite hostname="DESKTOP-GQLF889" failures="0" tests="1" name="Tests.ParentPageTest" time="3.697" errors="0" timestamp="2021-03-01T18:51:33 EET" skipped="0">
  <testcase classname="Tests.ParentPageTest" name="parentLoginPageTest" time="3.697"/>
  <system-out/>
</testsuite> <!-- Tests.ParentPageTest -->
