<?xml version="1.0" encoding="UTF-8"?>
<!-- Generated by org.testng.reporters.JUnitReportReporter -->
<testsuite hostname="DESKTOP-GQLF889" failures="0" tests="1" name="Tests.AdminLockUnlockSpecialistFunctionsTest" time="8.386" errors="0" timestamp="2021-03-11T21:46:39 EET" skipped="0">
  <testcase classname="Tests.AdminLockUnlockSpecialistFunctionsTest" name="adminLockUnlockSpecialistFunctions" time="8.386"/>
  <system-out/>
</testsuite> <!-- Tests.AdminLockUnlockSpecialistFunctionsTest -->
