<?xml version="1.0" encoding="UTF-8"?>
<!-- Generated by org.testng.reporters.JUnitReportReporter -->
<testsuite hostname="RadvilÄ—sPC" failures="0" tests="1" name="Tests.KindergartenAddToList" time="6.638" errors="0" timestamp="2021-03-11T16:19:00 EET" skipped="0">
  <testcase classname="Tests.KindergartenAddToList" name="uploadKindergarenToList" time="6.638"/>
  <system-out/>
</testsuite> <!-- Tests.KindergartenAddToList -->
