<?xml version="1.0" encoding="UTF-8"?>
<!-- Generated by org.testng.reporters.JUnitReportReporter -->
<testsuite hostname="DESKTOP-GQLF889" failures="0" tests="1" name="Tests.KindergartenAddToList" time="4.955" errors="0" timestamp="2021-03-12T08:26:26 EET" skipped="0">
  <testcase classname="Tests.KindergartenAddToList" name="uploadKindergarenToList" time="4.955"/>
  <system-out/>
</testsuite> <!-- Tests.KindergartenAddToList -->
