<?xml version="1.0" encoding="UTF-8"?>
<!-- Generated by org.testng.reporters.JUnitReportReporter -->
<testsuite hostname="DESKTOP-GQLF889" failures="0" tests="2" name="Tests.SpecialistPageTest" time="10.451" errors="0" timestamp="2021-03-15T10:22:04 EET" skipped="0">
  <testcase classname="Tests.SpecialistPageTest" name="specialistLoginPageTest" time="5.104"/>
  <system-out/>
  <testcase classname="Tests.SpecialistPageTest" name="specialistLogoutPageTest" time="5.347"/>
  <system-out/>
</testsuite> <!-- Tests.SpecialistPageTest -->
