<?xml version="1.0" encoding="UTF-8"?>
<!-- Generated by org.testng.reporters.JUnitReportReporter -->
<testsuite hostname="DESKTOP-GQLF889" failures="0" tests="2" name="Tests.ParentPageTest" time="13.830" errors="0" timestamp="2021-03-02T13:39:57 EET" skipped="0">
  <testcase classname="Tests.ParentPageTest" name="parentLogoutTest" time="7.175"/>
  <system-out/>
  <testcase classname="Tests.ParentPageTest" name="parentLoginPageTest" time="6.655"/>
  <system-out/>
</testsuite> <!-- Tests.ParentPageTest -->
