<?xml version="1.0" encoding="UTF-8"?>
<!-- Generated by org.testng.reporters.JUnitReportReporter -->
<testsuite hostname="DESKTOP-GQLF889" failures="0" tests="1" name="Tests.AdminLockUnlockSpecialistFunctionsTest" time="10.437" errors="0" timestamp="2021-03-12T09:28:28 EET" skipped="0">
  <testcase classname="Tests.AdminLockUnlockSpecialistFunctionsTest" name="adminLockUnlockSpecialistFunctions" time="10.437"/>
  <system-out/>
</testsuite> <!-- Tests.AdminLockUnlockSpecialistFunctionsTest -->
