<?xml version="1.0" encoding="UTF-8"?>
<!-- Generated by org.testng.reporters.JUnitReportReporter -->
<testsuite hostname="DESKTOP-GQLF889" failures="0" tests="1" name="Tests.SpecialistAddPersonalData" time="6.275" errors="0" timestamp="2021-02-24T08:39:51 EET" skipped="0">
  <testcase classname="Tests.SpecialistAddPersonalData" name="SpecialistAddPersonalDataTest" time="6.275"/>
  <system-out/>
</testsuite> <!-- Tests.SpecialistAddPersonalData -->
