<?xml version="1.0" encoding="UTF-8"?>
<!-- Generated by org.testng.reporters.JUnitReportReporter -->
<testsuite hostname="DESKTOP-GQLF889" failures="0" tests="1" name="Tests.ParentAddPersonalData" time="6.332" errors="0" timestamp="2021-02-25T19:42:00 EET" skipped="0">
  <testcase classname="Tests.ParentAddPersonalData" name="parentAddPersonalDataTest" time="6.332"/>
  <system-out/>
</testsuite> <!-- Tests.ParentAddPersonalData -->
