<?xml version="1.0" encoding="UTF-8"?>
<!-- Generated by org.testng.reporters.JUnitReportReporter -->
<testsuite hostname="DESKTOP-GQLF889" failures="0" tests="1" name="Tests.SpecialistAddPersonalDataTest" time="7.419" errors="0" timestamp="2021-03-14T21:50:36 EET" skipped="0">
  <testcase classname="Tests.SpecialistAddPersonalDataTest" name="specialistAddPersonalDataTest" time="7.419"/>
  <system-out/>
</testsuite> <!-- Tests.SpecialistAddPersonalDataTest -->
