<?xml version="1.0" encoding="UTF-8"?>
<!-- Generated by org.testng.reporters.JUnitReportReporter -->
<testsuite hostname="DESKTOP-GQLF889" failures="0" tests="1" name="Tests.ParentAddPersonalDataTest" time="6.395" errors="0" timestamp="2021-03-09T13:17:15 EET" skipped="0">
  <testcase classname="Tests.ParentAddPersonalDataTest" name="parentAddPersonalDataTest" time="6.395"/>
  <system-out/>
</testsuite> <!-- Tests.ParentAddPersonalDataTest -->
