<?xml version="1.0" encoding="UTF-8"?>
<!-- Generated by org.testng.reporters.JUnitReportReporter -->
<testsuite hostname="RadvilÄ—sPC" failures="0" tests="1" name="Tests.ChildRegistrationTest" time="25.321" errors="0" timestamp="2021-03-04T20:14:05 EET" skipped="0">
  <testcase classname="Tests.ChildRegistrationTest" name="pdfUploadTest" time="25.321"/>
  <system-out/>
</testsuite> <!-- Tests.ChildRegistrationTest -->
