<?xml version="1.0" encoding="UTF-8"?>
<!-- Generated by org.testng.reporters.JUnitReportReporter -->
<testsuite hostname="DESKTOP-GQLF889" failures="0" tests="2" name="Tests.ParentPageTest" time="8.496" errors="0" timestamp="2021-03-17T09:37:21 EET" skipped="0">
  <testcase classname="Tests.ParentPageTest" name="parentLogoutTest" time="4.376"/>
  <system-out/>
  <testcase classname="Tests.ParentPageTest" name="parentLoginPageTest" time="4.120"/>
  <system-out/>
</testsuite> <!-- Tests.ParentPageTest -->
