<?xml version="1.0" encoding="UTF-8"?>
<!-- Generated by org.testng.reporters.JUnitReportReporter -->
<testsuite hostname="DESKTOP-GQLF889" failures="0" tests="1" name="Tests.ParentAddPersonalDataTest" time="8.696" errors="0" timestamp="2021-03-17T10:15:18 EET" skipped="0">
  <testcase classname="Tests.ParentAddPersonalDataTest" name="parentAddPersonalDataTest" time="8.696"/>
  <system-out/>
</testsuite> <!-- Tests.ParentAddPersonalDataTest -->
