<?xml version="1.0" encoding="UTF-8"?>
<!-- Generated by org.testng.reporters.JUnitReportReporter -->
<testsuite hostname="DESKTOP-GQLF889" failures="0" tests="1" name="Tests.AdminLockUnlockSpecialistFunctionsTest" time="16.394" errors="0" timestamp="2021-03-14T22:58:28 EET" skipped="0">
  <testcase classname="Tests.AdminLockUnlockSpecialistFunctionsTest" name="adminLockUnlockSpecialistFunctions" time="16.394"/>
  <system-out/>
</testsuite> <!-- Tests.AdminLockUnlockSpecialistFunctionsTest -->
