<?xml version="1.0" encoding="UTF-8"?>
<!-- Generated by org.testng.reporters.JUnitReportReporter -->
<testsuite hostname="DESKTOP-GQLF889" failures="0" tests="1" name="Tests.ChildRegistrationTest" time="23.287" errors="0" timestamp="2021-03-10T16:25:19 EET" skipped="0">
  <testcase classname="Tests.ChildRegistrationTest" name="pdfUploadTest" time="23.287"/>
  <system-out/>
</testsuite> <!-- Tests.ChildRegistrationTest -->
