<?xml version="1.0" encoding="UTF-8"?>
<!-- Generated by org.testng.reporters.JUnitReportReporter -->
<testsuite hostname="RadvilÄ—sPC" failures="0" tests="1" name="Tests.SpecialistPageTest" time="3.507" errors="0" timestamp="2021-02-23T16:25:58 EET" skipped="0">
  <testcase classname="Tests.SpecialistPageTest" name="specialistLoginPageTest" time="3.507"/>
  <system-out/>
</testsuite> <!-- Tests.SpecialistPageTest -->
