<?xml version="1.0" encoding="UTF-8"?>
<!-- Generated by org.testng.reporters.JUnitReportReporter -->
<testsuite hostname="DESKTOP-GQLF889" failures="0" tests="1" name="Tests.ParentAddPersonalDataTest" time="5.559" errors="0" timestamp="2021-03-11T17:29:06 EET" skipped="0">
  <testcase classname="Tests.ParentAddPersonalDataTest" name="parentAddPersonalDataTest" time="5.559"/>
  <system-out/>
</testsuite> <!-- Tests.ParentAddPersonalDataTest -->
