<?xml version="1.0" encoding="UTF-8"?>
<!-- Generated by org.testng.reporters.JUnitReportReporter -->
<testsuite hostname="DESKTOP-GQLF889" failures="0" tests="1" name="Tests.SpecialistPageTest" time="3.498" errors="0" timestamp="2021-02-18T19:57:44 EET" skipped="0">
  <testcase classname="Tests.SpecialistPageTest" name="specialistLoginPageTest" time="3.498"/>
  <system-out/>
</testsuite> <!-- Tests.SpecialistPageTest -->
