<?xml version="1.0" encoding="UTF-8"?>
<!-- Generated by org.testng.reporters.JUnitReportReporter -->
<testsuite hostname="DESKTOP-GQLF889" failures="0" tests="1" name="Tests.ParentDeleteApplicationformTest" time="12.024" errors="0" timestamp="2021-03-17T10:15:43 EET" skipped="0">
  <testcase classname="Tests.ParentDeleteApplicationformTest" name="parentDeleteAplicationform" time="12.024"/>
  <system-out/>
</testsuite> <!-- Tests.ParentDeleteApplicationformTest -->
