<?xml version="1.0" encoding="UTF-8"?>
<!-- Generated by org.testng.reporters.JUnitReportReporter -->
<testsuite hostname="RadvilÄ—sPC" failures="0" tests="1" name="Tests.AdminPageTest" time="5.480" errors="0" timestamp="2021-03-14T18:48:57 EET" skipped="0">
  <testcase classname="Tests.AdminPageTest" name="mainPageTest" time="5.480"/>
  <system-out/>
</testsuite> <!-- Tests.AdminPageTest -->
