<?xml version="1.0" encoding="UTF-8"?>
<!-- Generated by org.testng.reporters.JUnitReportReporter -->
<testsuite hostname="DESKTOP-GQLF889" failures="0" tests="1" name="Tests.ParentAddPersonalData" time="6.519" errors="0" timestamp="2021-02-24T17:33:53 EET" skipped="0">
  <testcase classname="Tests.ParentAddPersonalData" name="parentAddPersonalDataTest" time="6.519"/>
  <system-out/>
</testsuite> <!-- Tests.ParentAddPersonalData -->
