<?xml version="1.0" encoding="UTF-8"?>
<!-- Generated by org.testng.reporters.JUnitReportReporter -->
<testsuite hostname="DESKTOP-GQLF889" failures="0" tests="1" name="Tests.SpecialistAddPersonalDataTest" time="7.527" errors="0" timestamp="2021-03-15T10:23:32 EET" skipped="0">
  <testcase classname="Tests.SpecialistAddPersonalDataTest" name="specialistAddPersonalDataTest" time="7.527"/>
  <system-out/>
</testsuite> <!-- Tests.SpecialistAddPersonalDataTest -->
