<?xml version="1.0" encoding="UTF-8"?>
<!-- Generated by org.testng.reporters.JUnitReportReporter -->
<testsuite hostname="DESKTOP-GQLF889" failures="0" tests="1" name="Tests.SpecialistPageTest" time="4.765" errors="0" timestamp="2021-03-14T21:32:08 EET" skipped="0">
  <testcase classname="Tests.SpecialistPageTest" name="specialistLogoutPageTest" time="4.765"/>
  <system-out/>
</testsuite> <!-- Tests.SpecialistPageTest -->
