<?xml version="1.0" encoding="UTF-8"?>
<!-- Generated by org.testng.reporters.JUnitReportReporter -->
<testsuite hostname="DESKTOP-GQLF889" failures="0" tests="1" name="Tests.AdminPageTest" time="3.878" errors="0" timestamp="2021-02-19T14:20:28 EET" skipped="0">
  <testcase classname="Tests.AdminPageTest" name="mainPageTest" time="3.878"/>
  <system-out/>
</testsuite> <!-- Tests.AdminPageTest -->
