<?xml version="1.0" encoding="UTF-8"?>
<!-- Generated by org.testng.reporters.JUnitReportReporter -->
<testsuite hostname="DESKTOP-GQLF889" failures="0" tests="1" name="Tests.AdminPageTest" time="3.719" errors="0" timestamp="2021-02-15T17:12:46 EET" skipped="0">
  <testcase classname="Tests.AdminPageTest" name="mainPageTest" time="3.719"/>
  <system-out/>
</testsuite> <!-- Tests.AdminPageTest -->
