<?xml version="1.0" encoding="UTF-8"?>
<!-- Generated by org.testng.reporters.JUnitReportReporter -->
<testsuite hostname="DESKTOP-GQLF889" failures="0" tests="1" name="Tests.SpecialistCreateQueueTest" time="8.445" errors="0" timestamp="2021-03-17T10:15:18 EET" skipped="0">
  <testcase classname="Tests.SpecialistCreateQueueTest" name="specialistCreateWithdrawQueue" time="8.445"/>
  <system-out/>
</testsuite> <!-- Tests.SpecialistCreateQueueTest -->
