<?xml version="1.0" encoding="UTF-8"?>
<!-- Generated by org.testng.reporters.JUnitReportReporter -->
<testsuite hostname="DESKTOP-GQLF889" failures="0" tests="1" name="Tests.SpecialistAddPersonalDataTest" time="6.025" errors="0" timestamp="2021-03-09T15:43:10 EET" skipped="0">
  <testcase classname="Tests.SpecialistAddPersonalDataTest" name="specialistAddPersonalDataTest" time="6.025"/>
  <system-out/>
</testsuite> <!-- Tests.SpecialistAddPersonalDataTest -->
