<?xml version="1.0" encoding="UTF-8"?>
<!-- Generated by org.testng.reporters.JUnitReportReporter -->
<testsuite hostname="DESKTOP-GQLF889" failures="0" tests="1" name="Tests.AdminPageTest" time="1.329" errors="0" timestamp="2021-02-24T16:32:08 EET" skipped="0">
  <testcase classname="Tests.AdminPageTest" name="mainPageTest" time="1.329"/>
  <system-out/>
</testsuite> <!-- Tests.AdminPageTest -->
