<?xml version="1.0" encoding="UTF-8"?>
<!-- Generated by org.testng.reporters.JUnitReportReporter -->
<testsuite hostname="DESKTOP-GQLF889" failures="0" tests="2" name="Tests.ParentPageTest" time="8.293" errors="0" timestamp="2021-03-10T16:31:21 EET" skipped="0">
  <testcase classname="Tests.ParentPageTest" name="parentLogoutTest" time="4.446"/>
  <system-out/>
  <testcase classname="Tests.ParentPageTest" name="parentLoginPageTest" time="3.847"/>
  <system-out/>
</testsuite> <!-- Tests.ParentPageTest -->
