<?xml version="1.0" encoding="UTF-8"?>
<!-- Generated by org.testng.reporters.JUnitReportReporter -->
<testsuite hostname="DESKTOP-GQLF889" failures="0" tests="1" name="Tests.ParentPageTest" time="4.001" errors="0" timestamp="2021-02-25T19:28:37 EET" skipped="0">
  <testcase classname="Tests.ParentPageTest" name="parentLogoutTest" time="4.001"/>
  <system-out/>
</testsuite> <!-- Tests.ParentPageTest -->
