<?xml version="1.0" encoding="UTF-8"?>
<!-- Generated by org.testng.reporters.JUnitReportReporter -->
<<<<<<< HEAD
<<<<<<< HEAD
<<<<<<< HEAD
<testsuite hostname="RadvilÄ—sPC" failures="0" tests="1" name="Tests.AdminPageTest" time="4.327" errors="0" timestamp="2021-02-15T17:30:46 EET" skipped="0">
  <testcase classname="Tests.AdminPageTest" name="mainPageTest" time="4.327"/>
=======
<testsuite hostname="DESKTOP-GQLF889" failures="0" tests="1" name="Tests.AdminPageTest" time="3.920" errors="0" timestamp="2021-02-12T14:23:42 EET" skipped="0">
  <testcase classname="Tests.AdminPageTest" name="mainPageTest" time="3.920"/>
>>>>>>> a39a164cf28b0c62af64f73598e0be6e87e95166
=======
<testsuite hostname="DESKTOP-GQLF889" failures="0" tests="1" name="Tests.AdminPageTest" time="3.719" errors="0" timestamp="2021-02-15T17:12:46 EET" skipped="0">
  <testcase classname="Tests.AdminPageTest" name="mainPageTest" time="3.719"/>
>>>>>>> main
=======
<testsuite hostname="DESKTOP-GQLF889" failures="0" tests="1" name="Tests.AdminPageTest" time="3.878" errors="0" timestamp="2021-02-19T14:20:28 EET" skipped="0">
  <testcase classname="Tests.AdminPageTest" name="mainPageTest" time="3.878"/>
>>>>>>> main
  <system-out/>
</testsuite> <!-- Tests.AdminPageTest -->
