<?xml version="1.0" encoding="UTF-8"?>
<!-- Generated by org.testng.reporters.JUnitReportReporter -->
<testsuite hostname="DESKTOP-GQLF889" failures="0" tests="1" name="Tests.SpecialistAddPersonalData" time="5.056" errors="0" timestamp="2021-02-24T07:47:07 EET" skipped="0">
  <testcase classname="Tests.SpecialistAddPersonalData" name="SpecialistAddPersonalDataTest" time="5.056"/>
  <system-out/>
</testsuite> <!-- Tests.SpecialistAddPersonalData -->
