<?xml version="1.0" encoding="UTF-8"?>
<!-- Generated by org.testng.reporters.JUnitReportReporter -->
<testsuite hostname="DESKTOP-GQLF889" failures="0" tests="1" name="Tests.ChildRegistrationTest" time="22.615" errors="0" timestamp="2021-03-11T11:31:29 EET" skipped="0">
  <testcase classname="Tests.ChildRegistrationTest" name="pdfUploadTest" time="22.615"/>
  <system-out/>
</testsuite> <!-- Tests.ChildRegistrationTest -->
