<?xml version="1.0" encoding="UTF-8"?>
<!-- Generated by org.testng.reporters.JUnitReportReporter -->
<testsuite hostname="DESKTOP-GQLF889" failures="0" tests="2" name="Tests.SpecialistPageTest" time="8.129" errors="0" timestamp="2021-03-09T15:38:04 EET" skipped="0">
  <testcase classname="Tests.SpecialistPageTest" name="specialistLogoutPageTest" time="4.177"/>
  <system-out/>
  <testcase classname="Tests.SpecialistPageTest" name="specialistLoginPageTest" time="3.952"/>
  <system-out/>
</testsuite> <!-- Tests.SpecialistPageTest -->
