<?xml version="1.0" encoding="UTF-8"?>
<!-- Generated by org.testng.reporters.JUnitReportReporter -->
<testsuite hostname="DESKTOP-GQLF889" failures="0" tests="1" name="Tests.AdminPageTest" time="3.713" errors="0" timestamp="2021-02-12T09:00:36 EET" skipped="0">
  <testcase classname="Tests.AdminPageTest" name="mainPageTest" time="3.713"/>
  <system-out/>
</testsuite> <!-- Tests.AdminPageTest -->
