<?xml version="1.0" encoding="UTF-8"?>
<!-- Generated by org.testng.reporters.JUnitReportReporter -->
<testsuite hostname="DESKTOP-GQLF889" failures="0" tests="1" name="Tests.SpecialistPageTest" time="3.724" errors="0" timestamp="2021-02-24T16:41:06 EET" skipped="0">
  <testcase classname="Tests.SpecialistPageTest" name="specialistLogoutPageTest" time="3.724"/>
  <system-out/>
</testsuite> <!-- Tests.SpecialistPageTest -->
