<?xml version="1.0" encoding="UTF-8"?>
<!-- Generated by org.testng.reporters.JUnitReportReporter -->
<testsuite hostname="DESKTOP-GQLF889" failures="0" tests="1" name="Tests.ChildRegistrationTest" time="29.820" errors="0" timestamp="2021-03-15T10:23:32 EET" skipped="0">
  <testcase classname="Tests.ChildRegistrationTest" name="pdfUploadTest" time="29.820"/>
  <system-out/>
</testsuite> <!-- Tests.ChildRegistrationTest -->
