<?xml version="1.0" encoding="UTF-8"?>
<!-- Generated by org.testng.reporters.JUnitReportReporter -->
<testsuite hostname="DESKTOP-GQLF889" failures="0" tests="1" name="Tests.ParentPageTest" time="3.497" errors="0" timestamp="2021-02-12T09:02:46 EET" skipped="0">
  <testcase classname="Tests.ParentPageTest" name="mainParentPageTest" time="3.497"/>
  <system-out/>
</testsuite> <!-- Tests.ParentPageTest -->
