<?xml version="1.0" encoding="UTF-8"?>
<!-- Generated by org.testng.reporters.JUnitReportReporter -->
<testsuite hostname="RadvilÄ—sPC" failures="0" tests="1" name="Tests.SpecialistPasswordChangeTest" time="8.374" errors="0" timestamp="2021-02-23T20:15:25 EET" skipped="0">
  <testcase classname="Tests.SpecialistPasswordChangeTest" name="specialistPasswordChangeTest" time="8.374"/>
  <system-out/>
</testsuite> <!-- Tests.SpecialistPasswordChangeTest -->
