<?xml version="1.0" encoding="UTF-8"?>
<!-- Generated by org.testng.reporters.JUnitReportReporter -->
<testsuite hostname="DESKTOP-GQLF889" failures="0" tests="1" name="Tests.SpecialistPasswordChangeTest" time="7.588" errors="0" timestamp="2021-03-10T16:25:19 EET" skipped="0">
  <testcase classname="Tests.SpecialistPasswordChangeTest" name="specialistPasswordChangeTest" time="7.588"/>
  <system-out/>
</testsuite> <!-- Tests.SpecialistPasswordChangeTest -->
