<?xml version="1.0" encoding="UTF-8"?>
<!-- Generated by org.testng.reporters.JUnitReportReporter -->
<testsuite hostname="DESKTOP-GQLF889" failures="0" tests="1" name="Tests.ParentPageTest" time="5.264" errors="0" timestamp="2021-03-09T12:36:16 EET" skipped="0">
  <testcase classname="Tests.ParentPageTest" name="parentLogoutTest" time="5.264"/>
  <system-out/>
</testsuite> <!-- Tests.ParentPageTest -->
