<?xml version="1.0" encoding="UTF-8"?>
<!-- Generated by org.testng.reporters.JUnitReportReporter -->
<testsuite hostname="DESKTOP-GQLF889" failures="0" tests="1" name="Tests.KindergartenAddToList" time="5.834" errors="0" timestamp="2021-03-11T22:25:40 EET" skipped="0">
  <testcase classname="Tests.KindergartenAddToList" name="uploadKindergarenToList" time="5.834"/>
  <system-out/>
</testsuite> <!-- Tests.KindergartenAddToList -->
