<?xml version="1.0" encoding="UTF-8"?>
<!-- Generated by org.testng.reporters.JUnitReportReporter -->
<testsuite hostname="DESKTOP-GQLF889" failures="0" tests="1" name="Tests.StopAndUnlockSpecialistFunctionsTest" time="15.816" errors="0" timestamp="2021-03-17T19:33:53 EET" skipped="0">
  <testcase classname="Tests.StopAndUnlockSpecialistFunctionsTest" name="adminLockUnlockSpecialistFunctions" time="15.816"/>
  <system-out/>
</testsuite> <!-- Tests.StopAndUnlockSpecialistFunctionsTest -->
